0:100  0:100  MemLog inited, TSC freq: 1800284390
0:100  0:000  CPU was calibrated with RTC
0:100  0:000  
0:100  0:000  Now is 25.3.2018,  18:18:27 (GMT)
0:100  0:000  Starting Clover revision: 4398.RM-4578.23256(541fa44f.89fba70205)  on American Megatrends EFI
0:100  0:000  Build with: [Args: -mc --no-usb -D NO_GRUB_DRIVERS_EMBEDDED -t XCODE8 | -D DISABLE_USB_SUPPORT -D NO_GRUB_DRIVERS_EMBEDDED -D USE_BIOS_BLOCKIO -D USE_LOW_EBDA -a X64 -b RELEASE -t XCODE8 -n 9 | OS: 10.13.3 | XCODE: 8.3.3]
0:100  0:000  SelfDevicePath=PciRoot(0x0)\Pci(0x17,0x0)\Sata(0x0,0xFFFF,0x0)\HD(1,GPT,7006E17E-9D19-4449-B944-332F2ADF86E8,0x28,0x64000) @85EDEE98
0:100  0:000  SelfDirPath = \EFI\BOOT
0:137  0:037  === [ Get Smbios ] ========================================
0:142  0:005  Type 16 Index = 0
0:142  0:000  Total Memory Slots Count = 4
0:142  0:000  Type 17 Index = 0
0:142  0:000  SmbiosTable.Type17->Speed = 2667MHz
0:142  0:000  SmbiosTable.Type17->Size = 8192MB
0:142  0:000  SmbiosTable.Type17->Bank/Device = BANK 0 ChannelA-DIMM0
0:142  0:000  SmbiosTable.Type17->Vendor = Micron
0:142  0:000  SmbiosTable.Type17->SerialNumber = 00000000
0:142  0:000  SmbiosTable.Type17->PartNumber = 8ATF51264HZ-2G1B1   
0:142  0:000  Type 17 Index = 1
0:142  0:000  Ignoring insane frequency value 0MHz
0:142  0:000  SmbiosTable.Type17->Speed = 0MHz
0:143  0:000  SmbiosTable.Type17->Size = 0MB
0:143  0:000  SmbiosTable.Type17->Bank/Device = BANK 1 ChannelA-DIMM1
0:143  0:000  SmbiosTable.Type17->Vendor = <null string>
0:143  0:000  SmbiosTable.Type17->SerialNumber = <null string>
0:143  0:000  SmbiosTable.Type17->PartNumber = <null string>
0:143  0:000  Type 17 Index = 2
0:143  0:000  SmbiosTable.Type17->Speed = 2400MHz
0:143  0:000  SmbiosTable.Type17->Size = 8192MB
0:143  0:000  SmbiosTable.Type17->Bank/Device = BANK 2 ChannelB-DIMM0
0:143  0:000  SmbiosTable.Type17->Vendor = Samsung
0:143  0:000  SmbiosTable.Type17->SerialNumber = 37000000
0:143  0:000  SmbiosTable.Type17->PartNumber = MG8ATF1G000948-2G1A1
0:143  0:000  Type 17 Index = 3
0:143  0:000  Ignoring insane frequency value 0MHz
0:143  0:000  SmbiosTable.Type17->Speed = 0MHz
0:143  0:000  SmbiosTable.Type17->Size = 0MB
0:143  0:000  SmbiosTable.Type17->Bank/Device = BANK 3 ChannelB-DIMM1
0:143  0:000  SmbiosTable.Type17->Vendor = <null string>
0:143  0:000  SmbiosTable.Type17->SerialNumber = <null string>
0:143  0:000  SmbiosTable.Type17->PartNumber = <null string>
0:143  0:000  Boot status=0
0:143  0:000  Running on: 'X411UNV' with board 'X411UNV'
0:143  0:000  === [ GetCPUProperties ] ==================================
0:143  0:000  CPU Vendor = 756E6547 Model=806EA
0:143  0:000   The CPU supported SSE4.1
0:143  0:000  BrandString = Intel(R) Core(TM) i5-8250U CPU @ 1.60GHz
0:143  0:000   The CPU supported turbo
0:143  0:000  MSR 0x35               40008
0:143  0:000   TSC/CCC Information Leaf:
0:143  0:000    numerator     : 150
0:143  0:000    denominator   : 2
0:143  0:000   Calibrated ARTFrequency: 24003791
0:143  0:000  MSR 0xE2 before patch 1E008008
0:143  0:000  MSR 0xE2 is locked, PM patches will be turned on
0:143  0:000  MSR 0xCE              0004043D_F1011200
0:143  0:000  corrected FLEX_RATIO = 0
0:143  0:000  MSR 0x1B0             00000000
0:143  0:000  FSBFrequency = 89 MHz, DMI FSBFrequency = 100 MHz, Corrected FSBFrequency = 100 MHz
0:143  0:000  MaxDiv/MinDiv: 18.0/4
0:143  0:000  Turbo: 34/34/34/34
0:143  0:000  Features: 0xBFEBFBFF
0:143  0:000  Threads: 8
0:143  0:000  Cores: 4
0:143  0:000  FSB: 100 MHz
0:143  0:000  CPU: 1600 MHz
0:143  0:000  TSC: 1600 MHz
0:143  0:000  PIS: 100 MHz
0:143  0:000  ExternalClock: 25 MHz
0:143  0:000  === [ GetDevices ] ========================================
0:143  0:000  PCI (00|00:00.00) : 8086 5914 class=060000
0:143  0:000  PCI (00|00:02.00) : 8086 5917 class=030000
0:143  0:000   - GFX: Model=Intel UHD Graphics 620 (Intel)
0:143  0:000  PCI (00|00:04.00) : 8086 1903 class=118000
0:143  0:000  PCI (00|00:14.00) : 8086 9D2F class=0C0330
0:143  0:000  PCI (00|00:14.02) : 8086 9D31 class=118000
0:143  0:000  PCI (00|00:15.00) : 8086 9D60 class=118000
0:143  0:000  PCI (00|00:15.01) : 8086 9D61 class=118000
0:143  0:000  PCI (00|00:16.00) : 8086 9D3A class=078000
0:143  0:000  PCI (00|00:17.00) : 8086 9D03 class=010601
0:143  0:000  PCI (00|00:1C.00) : 8086 9D10 class=060400
0:143  0:000  PCI (00|01:00.00) : 10DE 1D10 class=030200
0:143  0:000  PCI (00|00:1C.05) : 8086 9D15 class=060400
0:143  0:000  PCI (00|02:00.00) : 168C 0042 class=028000
0:143  0:000   - WIFI: Vendor=Atheros
0:143  0:000  PCI (00|00:1E.00) : 8086 9D27 class=118000
0:143  0:000  PCI (00|00:1E.02) : 8086 9D29 class=118000
0:143  0:000  PCI (00|00:1F.00) : 8086 9D4E class=060100
0:143  0:000  PCI (00|00:1F.02) : 8086 9D21 class=058000
0:143  0:000  PCI (00|00:1F.03) : 8086 9D71 class=040300
0:143  0:000  PCI (00|00:1F.04) : 8086 9D23 class=0C0500
0:143  0:000  === [ GetDefaultSettings ] ================================
0:143  0:000  Clover load options size = 0 bytes
0:164  0:020  EFI\CLOVER\config.plist loaded: Success
0:169  0:005  === [ GetListOfThemes ] ===================================
0:170  0:001  - [00]: Olarila
0:185  0:014  === [ Found config plists ] ===============================
0:188  0:003  - config.plist
0:191  0:002  === [ GetEarlyUserSettings ] ==============================
0:191  0:000  timeout set to 5
0:191  0:000  Custom boot CUSTOM_BOOT_DISABLED (0x0)
0:191  0:000  ForceKextsToLoad: 1 requested
0:191  0:000   - [0]: System\Library\Extensions\IONetworkingFamily.kext
0:191  0:000  KextsToPatch: 2 requested
0:191  0:000   - [00]: com.apple.driver.AppleIntelKBLGraphicsFramebuffer (0x591b0000, 32MB BIOS, 19MB framebuffer 9MB cursor bytes (credit RehabMan)) :: BinPatch :: data len: 8
0:191  0:000   - [01]: com.apple.driver.AppleIntelKBLGraphicsFramebuffer (0x591b0000, 0105 instead of 0306, HDMI) :: BinPatch :: data len: 36
0:191  0:000   - patch disabled at config
0:191  0:000  KernelToPatch: 1 requested
0:191  0:000   - [00]: MSR 0xE2 _xcpm_idle instant reboot(c) Pike R. Alpha :: data len: 8
0:191  0:000  Default theme: BGM
0:191  0:000  Hiding entries with string Preboot
0:191  0:000  === [ LoadDrivers ] =======================================
0:193  0:001  Loading apfs.efi  status=Success
0:215  0:022   - driver needs connecting
0:215  0:000  Loading AppleImageCodec-64.efi  status=Success
0:222  0:006  Loading AppleKeyAggregator-64.efi  status=Success
0:228  0:006  Loading AppleUITheme-64.efi  status=Success
0:234  0:006  Loading AptioMemoryFix.efi  status=Success
0:242  0:007  Loading DataHubDxe-64.efi  status=Success
0:249  0:007  Loading FirmwareVolume-64.efi  status=Success
0:255  0:006  Loading FSInject-64.efi  status=Success
0:262  0:006  Loading HFSPlus.efi  status=Success
0:269  0:007   - driver needs connecting
0:269  0:000  Loading NTFS.efi  status=Success
0:278  0:009   - driver needs connecting
0:278  0:000  Loading SMCHelper-64.efi  status=Success
0:285  0:006  3 drivers needs connecting ...
0:285  0:000  PlatformDriverOverrideProtocol not found. Installing ... Success
0:285  0:000  HFS+ driver loaded
0:285  0:000  APFS driver loaded
0:285  0:000  Searching for invalid DiskIo BY_DRIVER connects: not found, all ok
2:192  1:906  === [ InitScreen ] ========================================
2:192  0:000  SetMaxResolution: found best mode 0: 1920x1080
2:192  0:000   - already set
2:192  0:000  Console modes reported: 4, available modes:
2:192  0:000   - [01]: 80x25 (current mode)
2:192  0:000   - [02]: 80x50
2:192  0:000   - [03]: 100x31
2:192  0:000   - [04]: 240x56
2:192  0:000  reinit: self device path=PciRoot(0x0)\Pci(0x17,0x0)\Sata(0x0,0xFFFF,0x0)\HD(1,GPT,7006E17E-9D19-4449-B944-332F2ADF86E8,0x28,0x64000)
2:365  0:173  Using embedded font: Success
2:367  0:001  === [ GetMacAddress ] =====================================
2:367  0:000  MAC address of LAN #0= 00:E0:4C:36:1A:DB:
2:367  0:000  === [ ScanSPD ] ===========================================
2:367  0:000  SMBus device : 8086 9D23 class=0C0500 status=Success
2:367  0:000  SMBus CmdReg: 0x3
2:367  0:000  Scanning SMBus [8086:9D23], mmio: 0xEF432004, ioport: 0xF040, hostc: 0x11
2:367  0:000  Slots to scan [8]...
2:368  0:000  SPD[2]: Type 12 @0x52
2:386  0:017  Not using XMP because it is not present
2:386  0:000  DDR speed 2400MHz
2:386  0:000  Slot: 2 Type 26 8192MB 2400MHz Vendor=Samsung PartNo=MG8ATF1G000948-2G1A1 SerialNo=0307000000000000
2:387  0:000  === [ GetAcpiTablesList ] =================================
2:391  0:004  Get Acpi Tables List from RSDT:
2:391  0:000   - [00]: FACP  Notebook len=132
2:391  0:000   - [01]: APIC  Notebook len=188
2:391  0:000   - [02]: FPDT  Notebook len=68
2:391  0:000   - [03]: FIDT  Notebook len=156
2:391  0:000   - [04]: ECDT  Notebook len=193
2:391  0:000   - [05]: MCFG  Notebook len=60
2:391  0:000   - [06]: SSDT  SataTabl len=857
2:391  0:000   - [07]: SSDT  DptfTabl len=27846
2:391  0:000   - [08]: MSDM  Notebook len=85
2:391  0:000   - [09]: SSDT  SaSsdt  len=12615
2:391  0:000   - [10]: HPET  KBL-ULT len=56
2:391  0:000   - [11]: UEFI  Notebook len=66
2:391  0:000   - [12]: SSDT  CpuSsdt len=3806
2:391  0:000   - [13]: LPIT  KBL-ULT len=148
2:391  0:000   - [14]: SSDT  HdaDsp len=321
2:391  0:000   - [15]: SSDT  sensrhub len=671
2:391  0:000   - [16]: SSDT  TbtTypeC len=1303
2:391  0:000   - [17]: DBGP   len=52
2:391  0:000   - [18]: DBG2   len=84
2:391  0:000   - [19]: SSDT  SgPch len=2089
2:391  0:000   - [20]: SSDT  SgUlx len=923
2:391  0:000   - [21]: TPM2  Notebook len=52
2:391  0:000   - [22]: BGRT  Notebook len=56
2:391  0:000   - [23]: SSDT  OptTabl len=7987
2:391  0:000   - [24]: WSMT  Notebook len=40
2:391  0:000  Calibrated TSC Frequency = 1800284390 = 1800MHz
2:391  0:000  === [ GetUserSettings ] ===================================
2:391  0:000  Add 3 properties:
2:391  0:000   - [00]: NVidia, len: 9
2:391  0:000   - [01]: NVidia, len: 9
2:391  0:000   - [02]: NVidia, len: 4
2:391  0:000  USB FixOwnership: yes
2:391  0:000  Dropping 3 tables:
2:391  0:000   - [00]: Drop table  signature="#MCF" (46434D23)
2:391  0:000           - set table: 46434D23,                0 to drop: no
2:391  0:000   - [01]: Drop table  signature="DMAR" (52414D44)
2:391  0:000           - set table: 52414D44,                0 to drop: no
2:391  0:000   - [02]: Drop table  signature="SSDT" (54445353) table-id="xh_rvp10" (30317076725F6878)
2:391  0:000           - set table: 54445353, 30317076725F6878 to drop: no
2:391  0:000   - final DSDT Fix mask=20000000
2:391  0:000  PatchesDSDT: 12 requested
2:391  0:000   - [00]: (change OSID to XSID (to avoid match against _OSI XOSI patch)) lenToFind: 4, lenToReplace: 4, Target Bridge: <null string>
2:391  0:000    patch disabled at config
2:391  0:000   - [01]: (change _OSI to XOSI) lenToFind: 4, lenToReplace: 4, Target Bridge: <null string>
2:391  0:000    patch disabled at config
2:391  0:000   - [02]: (change _DSM to XDSM) lenToFind: 4, lenToReplace: 4, Target Bridge: <null string>
2:391  0:000    patch disabled at config
2:391  0:000   - [03]: (change EC0 to EC) lenToFind: 4, lenToReplace: 4, Target Bridge: <null string>
2:391  0:000    patch disabled at config
2:391  0:000   - [04]: (change H_EC to EC) lenToFind: 4, lenToReplace: 4, Target Bridge: <null string>
2:391  0:000    patch disabled at config
2:391  0:000   - [05]: (change ECDV to EC) lenToFind: 4, lenToReplace: 4, Target Bridge: <null string>
2:391  0:000    patch disabled at config
2:391  0:000   - [06]: (change HDAS to HDEF) lenToFind: 4, lenToReplace: 4, Target Bridge: <null string>
2:391  0:000   - [07]: (change HECI to IMEI) lenToFind: 4, lenToReplace: 4, Target Bridge: <null string>
2:391  0:000   - [08]: (change MEI to IMEI) lenToFind: 4, lenToReplace: 4, Target Bridge: <null string>
2:391  0:000   - [09]: (change GFX0 to IGPU) lenToFind: 4, lenToReplace: 4, Target Bridge: <null string>
2:391  0:000   - [10]: (change PCI0.VID to IGPU #1 (Thinkpad)) lenToFind: 8, lenToReplace: 8, Target Bridge: <null string>
2:391  0:000   - [11]: (change PCI0.VID to IGPU #2 (Thinkpad)) lenToFind: 14, lenToReplace: 14, Target Bridge: <null string>
2:391  0:000  Using ProductName from config
2:391  0:000  ProductName: MacBookPro14,1
2:391  0:000  Using latest BiosVersion from config
2:391  0:000  BiosVersion: MBP141.88Z.0173.B00.1802081002
2:391  0:000  BiosReleaseDate: 02/08/2018
2:391  0:000  Using FirmwareFeatures from config: 0xFC0FE137
2:391  0:000  Using FirmwareFeaturesMask from config: 0xFF1FFF3F
2:391  0:000  Board-ID set from config as Mac-B4831CEBD52A0C4C
2:391  0:000  BoardType: 0xA
2:391  0:000  ChassisType: 0x9
2:691  0:300  === [ ScanVolumes ] =======================================
2:691  0:000  Found 11 volumes with blockIO
2:691  0:000  - [00]: Volume: PciRoot(0x0)\Pci(0x17,0x0)\Sata(0x0,0xFFFF,0x0)
2:692  0:000  - [01]: Volume: PciRoot(0x0)\Pci(0x17,0x0)\Sata(0x1,0xFFFF,0x0)
2:694  0:001  - [02]: Volume: PciRoot(0x0)\Pci(0x17,0x0)\Sata(0x0,0xFFFF,0x0)\HD(1,GPT,7006E17E-9D19-4449-B944-332F2ADF86E8,0x28,0x64000)
2:694  0:000          Result of bootcode detection: bootable unknown (legacy)
2:696  0:001          This is SelfVolume !!
2:696  0:000  - [03]: Volume: PciRoot(0x0)\Pci(0x17,0x0)\Sata(0x0,0xFFFF,0x0)\HD(2,GPT,A75F9CA0-DA4C-45A7-8C56-5F04C61D1AE9,0x64028,0xED758B8)
2:696  0:000  - [04]: Volume: PciRoot(0x0)\Pci(0x17,0x0)\Sata(0x0,0xFFFF,0x0)\HD(3,GPT,8A6761F4-6AC0-4FE8-83DD-72084799CC7F,0xEDD98E0,0x135F20)
2:697  0:000  - [05]: Volume: PciRoot(0x0)\Pci(0x17,0x0)\Sata(0x0,0xFFFF,0x0)\HD(4,GPT,3AF841FF-73FF-4B35-B0A6-7BC539AD6C40,0xEF0F800,0xD1902800)
2:698  0:000          Result of bootcode detection: bootable Windows (win)
2:698  0:000  - [06]: Volume: PciRoot(0x0)\Pci(0x17,0x0)\Sata(0x0,0xFFFF,0x0)\HD(5,GPT,F5F92132-6A49-45B5-840C-F3B7AFF0ED6C,0xE0812000,0x85B6888)
2:698  0:000  - [07]: Volume: PciRoot(0x0)\Pci(0x17,0x0)\Sata(0x1,0xFFFF,0x0)\HD(1,GPT,4B4C71F8-152E-11E8-A0E9-409F38DB1B50,0x800,0x190008)
2:699  0:000          Result of bootcode detection: bootable Windows (vista,win)
2:699  0:000  - [08]: Volume: PciRoot(0x0)\Pci(0x17,0x0)\Sata(0x1,0xFFFF,0x0)\HD(2,GPT,D97F489F-4CD5-47F6-9513-3E767DD3E86D,0x190808,0x82008)
2:699  0:000          Result of bootcode detection: bootable Windows (vista,win)
2:701  0:001  - [09]: Volume: PciRoot(0x0)\Pci(0x17,0x0)\Sata(0x1,0xFFFF,0x0)\HD(3,GPT,4B4C71FA-152E-11E8-A0E9-409F38DB1B50,0x212810,0x8008)
2:702  0:000  - [10]: Volume: PciRoot(0x0)\Pci(0x17,0x0)\Sata(0x1,0xFFFF,0x0)\HD(4,GPT,4B4C71FB-152E-11E8-A0E9-409F38DB1B50,0x21A818,0x3A16B7B0)
2:702  0:000          Result of bootcode detection: bootable Windows (vista,win)
2:702  0:000  === [ InitTheme ] =========================================
2:703  0:000  GlobalConfig: theme.plist not found, get random theme Olarila
2:707  0:004  Using theme 'Olarila' (EFI\CLOVER\themes\Olarila)
2:707  0:000  OS main and drive as badge
2:711  0:003  Loading font from ThemeDir: Success
2:712  0:000  Choosing theme Olarila
2:712  0:000  after NVRAM boot-args=kext-dev-mode=1 dart=0 nv_disable=1 -disablegfxfirmware
2:712  0:000  === [ Dump SMC keys from NVRAM ] ==========================
2:712  0:000  found AppleSMC protocol
2:790  0:077  Registered 17 SMC keys
2:792  0:001  === [ AddCustomEntries ] ==================================
2:792  0:000  Custom entry 0 Title:"Recovery" Path:"\com.apple.recovery.boot\boot.efi" Type:10 Flags:0x6 matching all volumes
2:792  0:000      Checking volume "EFI" (PciRoot(0x0)\Pci(0x17,0x0)\Sata(0x0,0xFFFF,0x0)\HD(1,GPT,7006E17E-9D19-4449-B944-332F2ADF86E8,0x28,0x64000)) ... skipped because path does not exist
3:087  0:295      Checking volume "OSX" (PciRoot(0x0)\Pci(0x17,0x0)\Sata(0x0,0xFFFF,0x0)\HD(2,GPT,A75F9CA0-DA4C-45A7-8C56-5F04C61D1AE9,0x64028,0xED758B8)) ... skipped because path does not exist
3:087  0:000      Checking volume "Recovery HD" (PciRoot(0x0)\Pci(0x17,0x0)\Sata(0x0,0xFFFF,0x0)\HD(3,GPT,8A6761F4-6AC0-4FE8-83DD-72084799CC7F,0xEDD98E0,0x135F20)) ... match!
3:124  0:036  Custom settings: <null string>.plist will  be applied
3:127  0:002      Checking volume "DATA" (PciRoot(0x0)\Pci(0x17,0x0)\Sata(0x0,0xFFFF,0x0)\HD(4,GPT,3AF841FF-73FF-4B35-B0A6-7BC539AD6C40,0xEF0F800,0xD1902800)) ... skipped because path does not exist
3:127  0:000      Checking volume "Install macOS High Sierra" (PciRoot(0x0)\Pci(0x17,0x0)\Sata(0x0,0xFFFF,0x0)\HD(5,GPT,F5F92132-6A49-45B5-840C-F3B7AFF0ED6C,0xE0812000,0x85B6888)) ... skipped because path does not exist
3:127  0:000      Checking volume "RECOVERY" (PciRoot(0x0)\Pci(0x17,0x0)\Sata(0x1,0xFFFF,0x0)\HD(1,GPT,4B4C71F8-152E-11E8-A0E9-409F38DB1B50,0x800,0x190008)) ... skipped because path does not exist
3:129  0:001      Checking volume "SYSTEM" (PciRoot(0x0)\Pci(0x17,0x0)\Sata(0x1,0xFFFF,0x0)\HD(2,GPT,D97F489F-4CD5-47F6-9513-3E767DD3E86D,0x190808,0x82008)) ... skipped because path does not exist
3:130  0:000      Checking volume "OS" (PciRoot(0x0)\Pci(0x17,0x0)\Sata(0x1,0xFFFF,0x0)\HD(4,GPT,4B4C71FB-152E-11E8-A0E9-409F38DB1B50,0x21A818,0x3A16B7B0)) ... skipped because path does not exist
3:130  0:000  Custom entry 1 Title:"Windows" Path:"\EFI\Microsoft\Boot\bootmgfw.efi" Options:"-s -h" Type:7 Flags:0x0 matching all volumes
3:130  0:000      Checking volume "EFI" (PciRoot(0x0)\Pci(0x17,0x0)\Sata(0x0,0xFFFF,0x0)\HD(1,GPT,7006E17E-9D19-4449-B944-332F2ADF86E8,0x28,0x64000)) ... skipped because path does not exist
3:131  0:000      Checking volume "OSX" (PciRoot(0x0)\Pci(0x17,0x0)\Sata(0x0,0xFFFF,0x0)\HD(2,GPT,A75F9CA0-DA4C-45A7-8C56-5F04C61D1AE9,0x64028,0xED758B8)) ... skipped because path does not exist
3:131  0:000      Checking volume "Recovery HD" (PciRoot(0x0)\Pci(0x17,0x0)\Sata(0x0,0xFFFF,0x0)\HD(3,GPT,8A6761F4-6AC0-4FE8-83DD-72084799CC7F,0xEDD98E0,0x135F20)) ... skipped because path does not exist
3:131  0:000      Checking volume "DATA" (PciRoot(0x0)\Pci(0x17,0x0)\Sata(0x0,0xFFFF,0x0)\HD(4,GPT,3AF841FF-73FF-4B35-B0A6-7BC539AD6C40,0xEF0F800,0xD1902800)) ... skipped because path does not exist
3:144  0:013      Checking volume "Install macOS High Sierra" (PciRoot(0x0)\Pci(0x17,0x0)\Sata(0x0,0xFFFF,0x0)\HD(5,GPT,F5F92132-6A49-45B5-840C-F3B7AFF0ED6C,0xE0812000,0x85B6888)) ... skipped because path does not exist
3:144  0:000      Checking volume "RECOVERY" (PciRoot(0x0)\Pci(0x17,0x0)\Sata(0x1,0xFFFF,0x0)\HD(1,GPT,4B4C71F8-152E-11E8-A0E9-409F38DB1B50,0x800,0x190008)) ... skipped because path does not exist
3:145  0:000      Checking volume "SYSTEM" (PciRoot(0x0)\Pci(0x17,0x0)\Sata(0x1,0xFFFF,0x0)\HD(2,GPT,D97F489F-4CD5-47F6-9513-3E767DD3E86D,0x190808,0x82008)) ... match!
3:152  0:007  Custom settings: <null string>.plist will  be applied
3:152  0:000      Checking volume "OS" (PciRoot(0x0)\Pci(0x17,0x0)\Sata(0x1,0xFFFF,0x0)\HD(4,GPT,4B4C71FB-152E-11E8-A0E9-409F38DB1B50,0x21A818,0x3A16B7B0)) ... skipped because path does not exist
3:153  0:000  === [ ScanLoader ] ========================================
3:153  0:000  - [02]: 'EFI'
3:235  0:082  - [03]: 'OSX'
3:238  0:003          AddLoaderEntry for Volume Name=OSX
3:241  0:003      hibernated: set as never
3:289  0:048  - [04]: 'Recovery HD'
3:290  0:000          AddLoaderEntry for Volume Name=Recovery HD
3:290  0:000       skipped because path `PciRoot(0x0)\Pci(0x17,0x0)\Sata(0x0,0xFFFF,0x0)\HD(3,GPT,8A6761F4-6AC0-4FE8-83DD-72084799CC7F,0xEDD98E0,0x135F20)\com.apple.recovery.boot\boot.efii` already exists for another entry!
3:329  0:039  - [05]: 'DATA'
3:418  0:088  - [06]: 'Install macOS High Sierra'
3:422  0:004          AddLoaderEntry for Volume Name=Install macOS High Sierra
3:480  0:057  - [07]: 'RECOVERY'
3:562  0:081  - [08]: 'SYSTEM'
3:573  0:011          AddLoaderEntry for Volume Name=SYSTEM
3:573  0:000       skipped because path `PciRoot(0x0)\Pci(0x17,0x0)\Sata(0x1,0xFFFF,0x0)\HD(2,GPT,D97F489F-4CD5-47F6-9513-3E767DD3E86D,0x190808,0x82008)\EFI\microsoft\Boot\bootmgfw.efii` already exists for another entry!
3:625  0:052  - [10]: 'OS'
3:686  0:060  === [ AddCustomTool ] =====================================
3:691  0:004  found tool \EFI\CLOVER\tools\Shell64U.efi
3:691  0:000  Checking EFI partition Volume 2 for Clover
3:695  0:003   Found Clover
3:707  0:012  === [ GetEfiBootDeviceFromNvram ] =========================
3:708  0:001   - efi-boot-device-data: PciRoot(0x0)\Pci(0x17,0x0)\Sata(0x0,0xFFFF,0x0)\HD(2,GPT,A75F9CA0-DA4C-45A7-8C56-5F04C61D1AE9,0x64028,0xED758B8)
3:708  0:000    - Volume: 'PciRoot(0x0)\Pci(0x17,0x0)\Sata(0x0,0xFFFF,0x0)\HD(2,GPT,A75F9CA0-DA4C-45A7-8C56-5F04C61D1AE9,0x64028,0xED758B8)'
3:708  0:000    - LoaderPath: '<null string>'
3:708  0:000    - Guid = A75F9CA0-DA4C-45A7-8C56-5F04C61D1AE9
3:708  0:000  === [ FindStartupDiskVolume ] =============================
3:708  0:000    - Volume: partition = PciRoot(0x0)\Pci(0x17,0x0)\Sata(0x0,0xFFFF,0x0)\HD(2,GPT,A75F9CA0-DA4C-45A7-8C56-5F04C61D1AE9,0x64028,0xED758B8)
3:708  0:000     - searching for that partition
3:708  0:000      - found entry 2. 'Boot macOS from OSX', Volume 'OSX'
3:708  0:000  Boot redirected to Entry 2. 'Boot macOS from OSX'
3:708  0:000  DefaultIndex=2 and MainMenu.EntryCount=10
3:709  0:000  banner file not read
4:372  0:662  GUI ready
6:925  2:552  Found UEFI Acpi 2.0 RSDP at 8A96B000
6:925  0:000  Saving ACPI tables from RSDP 8A96B000 to EFI\CLOVER\ACPI\origin ...
6:925  0:000   8A96B000: 'RSD PTR ', Rev: 2 (Acpi 2.0 or newer), Len: 36 -> RSDP.aml
7:004  0:079    (Xsdt: 8A96B0B8, Rsdt: 8A96B028)
7:004  0:000    8A96B0B8: 'XSDT', 'Notebook', Rev: 1, Len: 236 -> XSDT.aml
7:048  0:043    8A96B028: 'RSDT', 'Notebook', Rev: 1, Len: 136 -> RSDT.aml
7:092  0:043    Tables in Xsdt: 25
7:092  0:000    0. 8A9966C8: 'FACP', 'Notebook', Rev: 6, Len: 276 -> FACP.aml
7:135  0:043        (Dsdt: 8A96B230, Facs: 8ADCBF00, XDsdt: 8A96B230, XFacs: 0)
7:135  0:000        8A96B230: 'DSDT', 'Notebook', Rev: 2, Len: 177303 -> DSDT.aml
7:184  0:048        8ADCBF00: 'FACS', Ver: 2, Len: 64 -> FACS.aml
7:227  0:043    1. 8A9967E0: 'APIC', 'Notebook', Rev: 3, Len: 188 -> APIC.aml
7:271  0:043    2. 8A9968A0: 'FPDT', 'Notebook', Rev: 1, Len: 68 -> FPDT.aml
7:326  0:055    3. 8A9968E8: 'FIDT', 'Notebook', Rev: 1, Len: 156 -> FIDT.aml
7:369  0:042    4. 8A996988: 'ECDT', 'Notebook', Rev: 1, Len: 193 -> ECDT.aml
7:413  0:043    5. 8A996A50: 'MCFG', 'Notebook', Rev: 1, Len: 60 -> MCFG.aml
7:464  0:051    6. 8A996A90: 'SSDT', 'SataTabl', Rev: 1, Len: 857 -> SSDT-0.aml
7:508  0:043    7. 8A996DF0: 'SSDT', 'DptfTabl', Rev: 2, Len: 27846 -> SSDT-1.aml
7:551  0:043    8. 8A99DAB8: 'MSDM', 'Notebook', Rev: 3, Len: 85 -> MSDM.aml
7:594  0:043    9. 8A99DB10: 'SSDT', 'SaSsdt', Rev: 2, Len: 12615 -> SSDT-2.aml
7:637  0:043    10. 8A9A0C58: 'HPET', 'KBL-ULT', Rev: 1, Len: 56 -> HPET.aml
7:681  0:043    11. 8A9A0C90: 'UEFI', 'Notebook', Rev: 1, Len: 66 -> UEFI.aml
7:728  0:047    12. 8A9A0CD8: 'SSDT', 'CpuSsdt', Rev: 2, Len: 3806 -> SSDT-3.aml
7:771  0:043    13. 8A9A1BB8: 'LPIT', 'KBL-ULT', Rev: 1, Len: 148 -> LPIT.aml
7:814  0:043    14. 8A9A1C50: 'SSDT', 'HdaDsp', Rev: 2, Len: 321 -> SSDT-4.aml
7:858  0:043    15. 8A9A1D98: 'SSDT', 'sensrhub', Rev: 2, Len: 671 -> SSDT-5.aml
7:901  0:043    16. 8A9A2038: 'SSDT', 'TbtTypeC', Rev: 2, Len: 1303 -> SSDT-6.aml
7:946  0:045    17. 8A9A2550: 'DBGP', '', Rev: 1, Len: 52 -> DBGP.aml
7:995  0:048    18. 8A9A2588: 'DBG2', '', Rev: 0, Len: 84 -> DBG2.aml
8:040  0:045    19. 8A9A25E0: 'SSDT', 'SgPch', Rev: 2, Len: 2089 -> SSDT-7.aml
8:095  0:054    20. 8A9A2E10: 'SSDT', 'SgUlx', Rev: 2, Len: 923 -> SSDT-8.aml
8:140  0:044    21. 8A9A31B0: 'TPM2', 'Notebook', Rev: 3, Len: 52 -> TPM2.aml
8:188  0:048    22. 8A9A31E8: 'BGRT', 'Notebook', Rev: 1, Len: 56 -> BGRT.aml
8:230  0:042    23. 8A9A3220: 'SSDT', 'OptTabl', Rev: 1, Len: 7987 -> SSDT-9.aml
8:273  0:042    24. 8A9A5158: 'WSMT', 'Notebook', Rev: 1, Len: 40 -> WSMT.aml
8:315  0:042    Tables in Rsdt: 25
8:315  0:000    0. 8A96B1A8: 'FACP', 'Notebook', Rev: 2, Len: 132 -> RSDT-FACP.aml
8:358  0:042        (Dsdt: 8A96B230, Facs: 8ADCBEC0)
8:358  0:000        8A96B230: 'DSDT', 'Notebook', Rev: 2, Len: 177303
8:358  0:000        8ADCBEC0: 'FACS', Ver: 0, Len: 64 -> RSDT-FACS.aml
8:406  0:047    1. 8A9967E0: 'APIC', 'Notebook', Rev: 3, Len: 188
8:406  0:000    2. 8A9968A0: 'FPDT', 'Notebook', Rev: 1, Len: 68
8:406  0:000    3. 8A9968E8: 'FIDT', 'Notebook', Rev: 1, Len: 156
8:406  0:000    4. 8A996988: 'ECDT', 'Notebook', Rev: 1, Len: 193
8:406  0:000    5. 8A996A50: 'MCFG', 'Notebook', Rev: 1, Len: 60
8:406  0:000    6. 8A996A90: 'SSDT', 'SataTabl', Rev: 1, Len: 857
8:406  0:000    7. 8A996DF0: 'SSDT', 'DptfTabl', Rev: 2, Len: 27846
8:406  0:000    8. 8A99DAB8: 'MSDM', 'Notebook', Rev: 3, Len: 85
8:406  0:000    9. 8A99DB10: 'SSDT', 'SaSsdt', Rev: 2, Len: 12615
8:406  0:000    10. 8A9A0C58: 'HPET', 'KBL-ULT', Rev: 1, Len: 56
8:406  0:000    11. 8A9A0C90: 'UEFI', 'Notebook', Rev: 1, Len: 66
8:406  0:000    12. 8A9A0CD8: 'SSDT', 'CpuSsdt', Rev: 2, Len: 3806
8:406  0:000    13. 8A9A1BB8: 'LPIT', 'KBL-ULT', Rev: 1, Len: 148
8:406  0:000    14. 8A9A1C50: 'SSDT', 'HdaDsp', Rev: 2, Len: 321
8:406  0:000    15. 8A9A1D98: 'SSDT', 'sensrhub', Rev: 2, Len: 671
8:406  0:000    16. 8A9A2038: 'SSDT', 'TbtTypeC', Rev: 2, Len: 1303
8:406  0:000    17. 8A9A2550: 'DBGP', '', Rev: 1, Len: 52
8:406  0:000    18. 8A9A2588: 'DBG2', '', Rev: 0, Len: 84
8:406  0:000    19. 8A9A25E0: 'SSDT', 'SgPch', Rev: 2, Len: 2089
8:406  0:000    20. 8A9A2E10: 'SSDT', 'SgUlx', Rev: 2, Len: 923
8:406  0:000    21. 8A9A31B0: 'TPM2', 'Notebook', Rev: 3, Len: 52
8:406  0:000    22. 8A9A31E8: 'BGRT', 'Notebook', Rev: 1, Len: 56
8:406  0:000    23. 8A9A3220: 'SSDT', 'OptTabl', Rev: 1, Len: 7987
8:406  0:000    24. 8A9A5158: 'WSMT', 'Notebook', Rev: 1, Len: 40
8:406  0:000  Found UEFI Acpi 1.0 RSDP at 8A96B000
8:406  0:000  Printing ACPI tables from RSDP 8A96B000 ...
8:406  0:000   8A96B000: 'RSD PTR ', Rev: 2 (Acpi 2.0 or newer), Len: 36
8:406  0:000    (Xsdt: 8A96B0B8, Rsdt: 8A96B028)
8:406  0:000    8A96B0B8: 'XSDT', 'Notebook', Rev: 1, Len: 236
8:406  0:000    8A96B028: 'RSDT', 'Notebook', Rev: 1, Len: 136
8:406  0:000    Tables in Xsdt: 25
8:406  0:000    0. 8A9966C8: 'FACP', 'Notebook', Rev: 6, Len: 276
8:406  0:000        (Dsdt: 8A96B230, Facs: 8ADCBF00, XDsdt: 8A96B230, XFacs: 0)
8:406  0:000        8A96B230: 'DSDT', 'Notebook', Rev: 2, Len: 177303
8:406  0:000        8ADCBF00: 'FACS', Ver: 2, Len: 64
8:406  0:000    1. 8A9967E0: 'APIC', 'Notebook', Rev: 3, Len: 188
8:406  0:000    2. 8A9968A0: 'FPDT', 'Notebook', Rev: 1, Len: 68
8:406  0:000    3. 8A9968E8: 'FIDT', 'Notebook', Rev: 1, Len: 156
8:406  0:000    4. 8A996988: 'ECDT', 'Notebook', Rev: 1, Len: 193
8:406  0:000    5. 8A996A50: 'MCFG', 'Notebook', Rev: 1, Len: 60
8:406  0:000    6. 8A996A90: 'SSDT', 'SataTabl', Rev: 1, Len: 857
8:406  0:000    7. 8A996DF0: 'SSDT', 'DptfTabl', Rev: 2, Len: 27846
8:406  0:000    8. 8A99DAB8: 'MSDM', 'Notebook', Rev: 3, Len: 85
8:406  0:000    9. 8A99DB10: 'SSDT', 'SaSsdt', Rev: 2, Len: 12615
8:406  0:000    10. 8A9A0C58: 'HPET', 'KBL-ULT', Rev: 1, Len: 56
8:406  0:000    11. 8A9A0C90: 'UEFI', 'Notebook', Rev: 1, Len: 66
8:406  0:000    12. 8A9A0CD8: 'SSDT', 'CpuSsdt', Rev: 2, Len: 3806
8:406  0:000    13. 8A9A1BB8: 'LPIT', 'KBL-ULT', Rev: 1, Len: 148
8:406  0:000    14. 8A9A1C50: 'SSDT', 'HdaDsp', Rev: 2, Len: 321
8:406  0:000    15. 8A9A1D98: 'SSDT', 'sensrhub', Rev: 2, Len: 671
8:406  0:000    16. 8A9A2038: 'SSDT', 'TbtTypeC', Rev: 2, Len: 1303
8:406  0:000    17. 8A9A2550: 'DBGP', '', Rev: 1, Len: 52
8:406  0:000    18. 8A9A2588: 'DBG2', '', Rev: 0, Len: 84
8:406  0:000    19. 8A9A25E0: 'SSDT', 'SgPch', Rev: 2, Len: 2089
8:406  0:000    20. 8A9A2E10: 'SSDT', 'SgUlx', Rev: 2, Len: 923
8:406  0:000    21. 8A9A31B0: 'TPM2', 'Notebook', Rev: 3, Len: 52
8:406  0:000    22. 8A9A31E8: 'BGRT', 'Notebook', Rev: 1, Len: 56
8:406  0:000    23. 8A9A3220: 'SSDT', 'OptTabl', Rev: 1, Len: 7987
8:406  0:000    24. 8A9A5158: 'WSMT', 'Notebook', Rev: 1, Len: 40
8:406  0:000    Tables in Rsdt: 25
8:406  0:000    0. 8A96B1A8: 'FACP', 'Notebook', Rev: 2, Len: 132
8:406  0:000        (Dsdt: 8A96B230, Facs: 8ADCBEC0)
8:406  0:000        8A96B230: 'DSDT', 'Notebook', Rev: 2, Len: 177303
8:406  0:000        8ADCBEC0: 'FACS', Ver: 0, Len: 64
8:406  0:000    1. 8A9967E0: 'APIC', 'Notebook', Rev: 3, Len: 188
8:406  0:000    2. 8A9968A0: 'FPDT', 'Notebook', Rev: 1, Len: 68
8:406  0:000    3. 8A9968E8: 'FIDT', 'Notebook', Rev: 1, Len: 156
8:406  0:000    4. 8A996988: 'ECDT', 'Notebook', Rev: 1, Len: 193
8:406  0:000    5. 8A996A50: 'MCFG', 'Notebook', Rev: 1, Len: 60
8:406  0:000    6. 8A996A90: 'SSDT', 'SataTabl', Rev: 1, Len: 857
8:406  0:000    7. 8A996DF0: 'SSDT', 'DptfTabl', Rev: 2, Len: 27846
8:406  0:000    8. 8A99DAB8: 'MSDM', 'Notebook', Rev: 3, Len: 85
8:406  0:000    9. 8A99DB10: 'SSDT', 'SaSsdt', Rev: 2, Len: 12615
8:406  0:000    10. 8A9A0C58: 'HPET', 'KBL-ULT', Rev: 1, Len: 56
8:406  0:000    11. 8A9A0C90: 'UEFI', 'Notebook', Rev: 1, Len: 66
8:406  0:000    12. 8A9A0CD8: 'SSDT', 'CpuSsdt', Rev: 2, Len: 3806
8:406  0:000    13. 8A9A1BB8: 'LPIT', 'KBL-ULT', Rev: 1, Len: 148
8:406  0:000    14. 8A9A1C50: 'SSDT', 'HdaDsp', Rev: 2, Len: 321
8:406  0:000    15. 8A9A1D98: 'SSDT', 'sensrhub', Rev: 2, Len: 671
8:406  0:000    16. 8A9A2038: 'SSDT', 'TbtTypeC', Rev: 2, Len: 1303
8:406  0:000    17. 8A9A2550: 'DBGP', '', Rev: 1, Len: 52
8:406  0:000    18. 8A9A2588: 'DBG2', '', Rev: 0, Len: 84
8:406  0:000    19. 8A9A25E0: 'SSDT', 'SgPch', Rev: 2, Len: 2089
8:406  0:000    20. 8A9A2E10: 'SSDT', 'SgUlx', Rev: 2, Len: 923
8:406  0:000    21. 8A9A31B0: 'TPM2', 'Notebook', Rev: 3, Len: 52
8:406  0:000    22. 8A9A31E8: 'BGRT', 'Notebook', Rev: 1, Len: 56
8:406  0:000    23. 8A9A3220: 'SSDT', 'OptTabl', Rev: 1, Len: 7987
8:406  0:000    24. 8A9A5158: 'WSMT', 'Notebook', Rev: 1, Len: 40
8:908  0:501  Boot option Boot0000 not found
8:908  0:000  === [ StartLoader ] =======================================
8:908  0:000  Finally: ExternalClock=25MHz BusSpeed=100015kHz CPUFreq=1800MHz PIS: hw.busfrequency=100000000Hz
8:908  0:000  Loading boot.efi  status=Success
9:109  0:201  GetOSVersion: 10.13.3 (17D47)
9:109  0:000  CSR_CFG: CSR_ALLOW_UNTRUSTED_KEXTS | CSR_ALLOW_UNRESTRICTED_FS | CSR_ALLOW_TASK_FOR_PID | CSR_ALLOW_UNRESTRICTED_DTRACE | CSR_ALLOW_UNRESTRICTED_NVRAM
9:109  0:000  Filtering KextPatches:
9:109  0:000   - [00]: com.apple.driver.AppleIntelKBLGraphicsFramebuffer (0x591b0000, 32MB BIOS, 19MB framebuffer 9MB cursor bytes (credit RehabMan)) :: BinPatch :: [OS: 10.13.3 | MatchOS: All | MatchBuild: All] ==> allowed
9:109  0:000   - [01]: com.apple.driver.AppleIntelKBLGraphicsFramebuffer (0x591b0000, 0105 instead of 0306, HDMI) :: BinPatch :: [OS: 10.13.3 | MatchOS: All | MatchBuild: All] ==> disabled by user
9:109  0:000  Filtering KernelPatches:
9:109  0:000   - [00]: MSR 0xE2 _xcpm_idle instant reboot(c) Pike R. Alpha :: [OS: 10.13.3 | MatchOS: All | MatchBuild: no] ==> allowed by OS
9:109  0:000  Will not patch boot.efi
9:109  0:000  === [ PatchSmbios ] =======================================
9:109  0:000  insert table 9 for dev 0:0
9:110  0:000  Trusting SMBIOS...
9:110  0:000  Channels: 1
9:110  0:000  Interleave: 0 1 2 3 4 5 6 7 8 9 10 11 12 13 14 15 16 17 18 19 20 21 22 23
9:110  0:000   partNum=8ATF51264HZ-2G1B1   
9:110  0:000  SMBIOS Type 17 Index = 0 => 0 0:
9:110  0:000  BANK 0 DIMM0 2667MHz 8192MB
9:110  0:000  SMBIOS Type 17 Index = 1 => 1 1:
9:110  0:000  BANK 0 DIMM1 EMPTY
9:110  0:000   partNum=MG8ATF1G000948-2G1A1
9:110  0:000  SMBIOS Type 17 Index = 2 => 2 2:
9:110  0:000  BANK 0 DIMM2 2667MHz 8192MB
9:110  0:000  mTotalSystemMemory = 16384
9:110  0:000  NumberOfMemoryDevices = 3
9:110  0:000  Type20[0]->End = 0x7FFFFF, Type17[0] = 0x2000
9:110  0:000  Type20[1]->End = 0xFFFFFF, Type17[2] = 0x6000
9:110  0:000  Table 131 is present, CPUType=31
9:110  0:000  Change to: 605
9:110  0:000  === [ PatchACPI ] =========================================
9:110  0:000  Xsdt reallocation done
9:110  0:000  old FADT length=114
9:110  0:000   SignatureFixup: 0x5894615A -> 0x0
9:384  0:273  DSDT found in Clover volume OEM folder: EFI\CLOVER\ACPI\patched\DSDT.aml
9:386  0:002  Apply DsdtFixMask=0x20000000
9:386  0:000     drop _DSM mask=0xFFFF
9:386  0:000  === [ FixBiosDsdt ] =======================================
9:386  0:000  VideoCard devID=0x59178086
9:386  0:000  DisplayADR1[0] = 0x20000, DisplayADR2[0] = 0xFFFE
9:386  0:000  USBADR[0] = 0x140000 and PCIe = 0xFFFE
9:387  0:000  Found Airport Atheros at 0x1C0005, 0x0, DeviceID=0x0042
9:402  0:015  Patching DSDT:
9:402  0:000   - [change OSID to XSID (to avoid match against _OSI XOSI patch)]: disabled
9:402  0:000   - [change _OSI to XOSI]: disabled
9:402  0:000   - [change _DSM to XDSM]: disabled
9:402  0:000   - [change EC0 to EC]: disabled
9:402  0:000   - [change H_EC to EC]: disabled
9:402  0:000   - [change ECDV to EC]: disabled
9:402  0:000   - [change HDAS to HDEF]: pattern 48444153, patched at: [ (35B) (12) (12) (A664) (157D) (74) (D) (2B) (32) (4F) (6F) (C4) (10D5B) (1427) ]
9:402  0:000   - [change HECI to IMEI]: pattern 48454349, patched at: [ (109B9) ]
9:403  0:000   - [change MEI to IMEI]: pattern 4D45495F, bin not found / already patched!
9:403  0:000   - [change GFX0 to IGPU]: pattern 47465830, patched at: [ (1CF) (12) (12) (12) (12) (12) (12) (12) (12) (12) (12) (12) (12) (12) (12) (12) (12) (12) (38EA) (5D17) (754E) (1B) (32C2) (14) (8B49) (15AF) (6DAC) ]
9:404  0:000   - [change PCI0.VID to IGPU #1 (Thinkpad)]: pattern 50434930, bin not found / already patched!
9:404  0:000   - [change PCI0.VID to IGPU #2 (Thinkpad)]: pattern 5649445F, bin not found / already patched!
9:405  0:000  first CPU found at 9423 offset 9426
9:405  0:000  score candidate at 941F
9:405  0:000  score inserted in acpi_cpu_score _PR_
9:405  0:000  Found ACPI CPU: CPU0 | CPU1 | CPU2 | CPU3 | CPU4 | CPU5 | CPU6 | CPU7 , within the score: _PR_
9:406  0:001  Found PCIROOTUID = 0
9:406  0:000  PreCleanup XSDT: count=25, length=236
9:406  0:000  PreCleanup XSDT, corrected XSDT: count=25, length=236
9:406  0:000  === [ ACPIPatchedAML ] ====================================
9:406  0:000  AutoMerge pass 1
9:406  0:000  Unsorted
9:406  0:000  Inserting SSDT-7.aml from EFI\CLOVER\ACPI\patched: size=1947 @19 ... Success
9:408  0:002  Inserting SSDT-USBX.aml from EFI\CLOVER\ACPI\patched: ignore on pass 1
9:408  0:000  Inserting SSDT-8.aml from EFI\CLOVER\ACPI\patched: size=954 @20 ... Success
9:410  0:002  Inserting SSDT-PNLF.aml from EFI\CLOVER\ACPI\patched: ignore on pass 1
9:410  0:000  === [ ACPIDropTables ] ====================================
9:410  0:000  === [ PatchAllSSDT ] ======================================
9:410  0:000  Patch table: SSDT  SataTabl len=0x359
9:410  0:000  0. [change OSID to XSID (to avoid match against _OSI XOSI patch)]: disabled
9:410  0:000  1. [change _OSI to XOSI]: disabled
9:410  0:000  2. [change _DSM to XDSM]: disabled
9:410  0:000  3. [change EC0 to EC]: disabled
9:410  0:000  4. [change H_EC to EC]: disabled
9:410  0:000  5. [change ECDV to EC]: disabled
9:410  0:000  6. [change HDAS to HDEF]: pattern 48444153, bin not found / already patched!
9:410  0:000  7. [change HECI to IMEI]: pattern 48454349, bin not found / already patched!
9:410  0:000  8. [change MEI to IMEI]: pattern 4D45495F, bin not found / already patched!
9:410  0:000  9. [change GFX0 to IGPU]: pattern 47465830, bin not found / already patched!
9:410  0:000  10. [change PCI0.VID to IGPU #1 (Thinkpad)]: pattern 50434930, bin not found / already patched!
9:410  0:000  11. [change PCI0.VID to IGPU #2 (Thinkpad)]: pattern 5649445F, bin not found / already patched!
9:410  0:000  Patch table: SSDT  DptfTabl len=0x6CC6
9:410  0:000  0. [change OSID to XSID (to avoid match against _OSI XOSI patch)]: disabled
9:410  0:000  1. [change _OSI to XOSI]: disabled
9:410  0:000  2. [change _DSM to XDSM]: disabled
9:410  0:000  3. [change EC0 to EC]: disabled
9:410  0:000  4. [change H_EC to EC]: disabled
9:410  0:000  5. [change ECDV to EC]: disabled
9:410  0:000  6. [change HDAS to HDEF]: pattern 48444153, bin not found / already patched!
9:411  0:000  7. [change HECI to IMEI]: pattern 48454349, bin not found / already patched!
9:411  0:000  8. [change MEI to IMEI]: pattern 4D45495F, bin not found / already patched!
9:411  0:000  9. [change GFX0 to IGPU]: pattern 47465830, bin not found / already patched!
9:411  0:000  10. [change PCI0.VID to IGPU #1 (Thinkpad)]: pattern 50434930, bin not found / already patched!
9:411  0:000  11. [change PCI0.VID to IGPU #2 (Thinkpad)]: pattern 5649445F, bin not found / already patched!
9:411  0:000  Patch table: SSDT  SaSsdt  len=0x3147
9:411  0:000  0. [change OSID to XSID (to avoid match against _OSI XOSI patch)]: disabled
9:411  0:000  1. [change _OSI to XOSI]: disabled
9:411  0:000  2. [change _DSM to XDSM]: disabled
9:411  0:000  3. [change EC0 to EC]: disabled
9:411  0:000  4. [change H_EC to EC]: disabled
9:411  0:000  5. [change ECDV to EC]: disabled
9:411  0:000  6. [change HDAS to HDEF]: pattern 48444153, bin not found / already patched!
9:411  0:000  7. [change HECI to IMEI]: pattern 48454349, bin not found / already patched!
9:411  0:000  8. [change MEI to IMEI]: pattern 4D45495F, bin not found / already patched!
9:411  0:000  9. [change GFX0 to IGPU]: pattern 47465830, patched at: [ (2D) (E) (46) (2A0) (1C8A) (A3A) (1D) (6EC) ]
9:411  0:000  10. [change PCI0.VID to IGPU #1 (Thinkpad)]: pattern 50434930, bin not found / already patched!
9:411  0:000  11. [change PCI0.VID to IGPU #2 (Thinkpad)]: pattern 5649445F, bin not found / already patched!
9:411  0:000  Patch table: SSDT  CpuSsdt len=0xEDE
9:411  0:000  0. [change OSID to XSID (to avoid match against _OSI XOSI patch)]: disabled
9:411  0:000  1. [change _OSI to XOSI]: disabled
9:411  0:000  2. [change _DSM to XDSM]: disabled
9:411  0:000  3. [change EC0 to EC]: disabled
9:411  0:000  4. [change H_EC to EC]: disabled
9:411  0:000  5. [change ECDV to EC]: disabled
9:411  0:000  6. [change HDAS to HDEF]: pattern 48444153, bin not found / already patched!
9:411  0:000  7. [change HECI to IMEI]: pattern 48454349, bin not found / already patched!
9:411  0:000  8. [change MEI to IMEI]: pattern 4D45495F, bin not found / already patched!
9:411  0:000  9. [change GFX0 to IGPU]: pattern 47465830, bin not found / already patched!
9:411  0:000  10. [change PCI0.VID to IGPU #1 (Thinkpad)]: pattern 50434930, bin not found / already patched!
9:411  0:000  11. [change PCI0.VID to IGPU #2 (Thinkpad)]: pattern 5649445F, bin not found / already patched!
9:411  0:000  Patch table: SSDT  HdaDsp len=0x141
9:411  0:000  0. [change OSID to XSID (to avoid match against _OSI XOSI patch)]: disabled
9:411  0:000  1. [change _OSI to XOSI]: disabled
9:411  0:000  2. [change _DSM to XDSM]: disabled
9:411  0:000  3. [change EC0 to EC]: disabled
9:411  0:000  4. [change H_EC to EC]: disabled
9:411  0:000  5. [change ECDV to EC]: disabled
9:411  0:000  6. [change HDAS to HDEF]: pattern 48444153, patched at: [ (20) (48) ]
9:411  0:000  7. [change HECI to IMEI]: pattern 48454349, bin not found / already patched!
9:411  0:000  8. [change MEI to IMEI]: pattern 4D45495F, bin not found / already patched!
9:411  0:000  9. [change GFX0 to IGPU]: pattern 47465830, bin not found / already patched!
9:411  0:000  10. [change PCI0.VID to IGPU #1 (Thinkpad)]: pattern 50434930, bin not found / already patched!
9:411  0:000  11. [change PCI0.VID to IGPU #2 (Thinkpad)]: pattern 5649445F, bin not found / already patched!
9:411  0:000  Patch table: SSDT  sensrhub len=0x29F
9:411  0:000  0. [change OSID to XSID (to avoid match against _OSI XOSI patch)]: disabled
9:411  0:000  1. [change _OSI to XOSI]: disabled
9:411  0:000  2. [change _DSM to XDSM]: disabled
9:411  0:000  3. [change EC0 to EC]: disabled
9:411  0:000  4. [change H_EC to EC]: disabled
9:411  0:000  5. [change ECDV to EC]: disabled
9:411  0:000  6. [change HDAS to HDEF]: pattern 48444153, bin not found / already patched!
9:411  0:000  7. [change HECI to IMEI]: pattern 48454349, bin not found / already patched!
9:411  0:000  8. [change MEI to IMEI]: pattern 4D45495F, bin not found / already patched!
9:411  0:000  9. [change GFX0 to IGPU]: pattern 47465830, bin not found / already patched!
9:411  0:000  10. [change PCI0.VID to IGPU #1 (Thinkpad)]: pattern 50434930, bin not found / already patched!
9:411  0:000  11. [change PCI0.VID to IGPU #2 (Thinkpad)]: pattern 5649445F, bin not found / already patched!
9:411  0:000  Patch table: SSDT  TbtTypeC len=0x517
9:411  0:000  0. [change OSID to XSID (to avoid match against _OSI XOSI patch)]: disabled
9:411  0:000  1. [change _OSI to XOSI]: disabled
9:411  0:000  2. [change _DSM to XDSM]: disabled
9:411  0:000  3. [change EC0 to EC]: disabled
9:411  0:000  4. [change H_EC to EC]: disabled
9:411  0:000  5. [change ECDV to EC]: disabled
9:411  0:000  6. [change HDAS to HDEF]: pattern 48444153, bin not found / already patched!
9:411  0:000  7. [change HECI to IMEI]: pattern 48454349, bin not found / already patched!
9:411  0:000  8. [change MEI to IMEI]: pattern 4D45495F, bin not found / already patched!
9:411  0:000  9. [change GFX0 to IGPU]: pattern 47465830, bin not found / already patched!
9:411  0:000  10. [change PCI0.VID to IGPU #1 (Thinkpad)]: pattern 50434930, bin not found / already patched!
9:411  0:000  11. [change PCI0.VID to IGPU #2 (Thinkpad)]: pattern 5649445F, bin not found / already patched!
9:411  0:000  Patch table: SSDT  SgPch len=0x79B
9:411  0:000  0. [change OSID to XSID (to avoid match against _OSI XOSI patch)]: disabled
9:411  0:000  1. [change _OSI to XOSI]: disabled
9:411  0:000  2. [change _DSM to XDSM]: disabled
9:411  0:000  3. [change EC0 to EC]: disabled
9:411  0:000  4. [change H_EC to EC]: disabled
9:411  0:000  5. [change ECDV to EC]: disabled
9:411  0:000  6. [change HDAS to HDEF]: pattern 48444153, bin not found / already patched!
9:411  0:000  7. [change HECI to IMEI]: pattern 48454349, bin not found / already patched!
9:411  0:000  8. [change MEI to IMEI]: pattern 4D45495F, bin not found / already patched!
9:411  0:000  9. [change GFX0 to IGPU]: pattern 47465830, bin not found / already patched!
9:411  0:000  10. [change PCI0.VID to IGPU #1 (Thinkpad)]: pattern 50434930, bin not found / already patched!
9:411  0:000  11. [change PCI0.VID to IGPU #2 (Thinkpad)]: pattern 5649445F, bin not found / already patched!
9:411  0:000  Patch table: SSDT  SgUlx len=0x3BA
9:411  0:000  0. [change OSID to XSID (to avoid match against _OSI XOSI patch)]: disabled
9:411  0:000  1. [change _OSI to XOSI]: disabled
9:411  0:000  2. [change _DSM to XDSM]: disabled
9:411  0:000  3. [change EC0 to EC]: disabled
9:411  0:000  4. [change H_EC to EC]: disabled
9:411  0:000  5. [change ECDV to EC]: disabled
9:411  0:000  6. [change HDAS to HDEF]: pattern 48444153, bin not found / already patched!
9:411  0:000  7. [change HECI to IMEI]: pattern 48454349, bin not found / already patched!
9:411  0:000  8. [change MEI to IMEI]: pattern 4D45495F, bin not found / already patched!
9:411  0:000  9. [change GFX0 to IGPU]: pattern 47465830, bin not found / already patched!
9:411  0:000  10. [change PCI0.VID to IGPU #1 (Thinkpad)]: pattern 50434930, bin not found / already patched!
9:411  0:000  11. [change PCI0.VID to IGPU #2 (Thinkpad)]: pattern 5649445F, bin not found / already patched!
9:411  0:000  Patch table: SSDT  OptTabl len=0x1F33
9:411  0:000  0. [change OSID to XSID (to avoid match against _OSI XOSI patch)]: disabled
9:411  0:000  1. [change _OSI to XOSI]: disabled
9:411  0:000  2. [change _DSM to XDSM]: disabled
9:412  0:000  3. [change EC0 to EC]: disabled
9:412  0:000  4. [change H_EC to EC]: disabled
9:412  0:000  5. [change ECDV to EC]: disabled
9:412  0:000  6. [change HDAS to HDEF]: pattern 48444153, bin not found / already patched!
9:412  0:000  7. [change HECI to IMEI]: pattern 48454349, bin not found / already patched!
9:412  0:000  8. [change MEI to IMEI]: pattern 4D45495F, bin not found / already patched!
9:412  0:000  9. [change GFX0 to IGPU]: pattern 47465830, patched at: [ (55) (28) (61F) (A8) (527) (1271) (11) ]
9:412  0:000  10. [change PCI0.VID to IGPU #1 (Thinkpad)]: pattern 50434930, bin not found / already patched!
9:412  0:000  11. [change PCI0.VID to IGPU #2 (Thinkpad)]: pattern 5649445F, bin not found / already patched!
9:412  0:000  === [ ACPIPatchedAML ] ====================================
9:412  0:000  AutoMerge pass 2
9:412  0:000  Unsorted
9:412  0:000  Inserting SSDT-USBX.aml from EFI\CLOVER\ACPI\patched: size=185 ... Success
9:414  0:002  Inserting SSDT-PNLF.aml from EFI\CLOVER\ACPI\patched: size=693 ... Success
9:416  0:002  CPUBase=0 and ApicCPUBase=1 ApicCPUNum=1
9:416  0:000  Maximum control=0x12
9:416  0:000  Turbo control=0x22
9:416  0:000  P-States: min 0x4, max 0x22
9:416  0:000  SSDT with plugin-type without P-States is generated
9:416  0:000  Cleanup XSDT: count=28, length=260
9:416  0:000  corrected XSDT count=28, length=260
9:416  0:000  === [ RestSetup macOS ] ===================================
9:416  0:000  EdidDiscovered size=128
9:416  0:000  --- Discovered EDID Table size:128
9:416  0:000  000  |  00  FF  FF  FF  FF  FF  FF  00  06  AF
9:416  0:000  010  |  3D  42  00  00  00  00  00  1A  01  04
9:416  0:000  020  |  A5  1F  11  78  02  9B  85  92  56  59
9:416  0:000  030  |  90  29  20  50  54  00  00  00  01  01
9:416  0:000  040  |  01  01  01  01  01  01  01  01  01  01
9:416  0:000  050  |  01  01  01  01  14  37  80  B8  70  38
9:416  0:000  060  |  24  40  10  10  3E  00  35  AD  10  00
9:416  0:000  070  |  00  18  00  00  00  00  00  00  00  00
9:416  0:000  080  |  00  00  00  00  00  00  00  00  00  00
9:416  0:000  090  |  00  00  00  FE  00  41  55  4F  0A  20
9:416  0:000  100  |  20  20  20  20  20  20  20  20  00  00
9:416  0:000  110  |  00  FE  00  42  31  34  30  48  41  4E
9:416  0:000  120  |  30  34  2E  32  20  0A  00  D8
9:416  0:000  Intel UHD Graphics 620 [8086:5917] :: PciRoot(0x0)\Pci(0x2,0x0)
9:416  0:000    Found Full HD Display - 16:9 :: Width=1920 Height=1080
9:416  0:000    Beginning DualLink auto-detection
9:416  0:000    High Resolution Display
9:417  0:000    AAPL00,DualLink = 1
9:417  0:000    FakeID Intel GFX = 0x59168086
9:417  0:000    ig-platform-id = 0x591B0000
9:417  0:000  Intel GFX revision  = 0x7
9:417  0:000   RCBA disabled; cannot use it
9:417  0:000  stringlength = 2468
9:417  0:000  CurrentMode: Width=1920 Height=1080
9:417  0:000  Beginning FSInjection
FSInjectionInstall ...
- Our FSI_SIMPLE_FILE_SYSTEM_PROTOCOL installed on handle: 85EDEC98
FSInjectionInstall ...
- Our FSI_SIMPLE_FILE_SYSTEM_PROTOCOL installed on handle: 85EDEC98
9:429  0:011  Use origin smbios table type 1 guid.
9:443  0:013    Force kext: System\Library\Extensions\IONetworkingFamily.kext
9:452  0:009      Force PlugIn kext: System\Library\Extensions\IONetworkingFamily.kext\Contents\PlugIns\AppleBCM5701Ethernet.kext
9:461  0:009      Force PlugIn kext: System\Library\Extensions\IONetworkingFamily.kext\Contents\PlugIns\AppleEthernetAquantiaAqtion.kext
9:468  0:007      Force PlugIn kext: System\Library\Extensions\IONetworkingFamily.kext\Contents\PlugIns\AppleEthernetAquantiaAqtionFirmware.kext
9:494  0:025      Force PlugIn kext: System\Library\Extensions\IONetworkingFamily.kext\Contents\PlugIns\AppleEthernetAquantiaAqtionFirmwareDev.kext
9:509  0:015      Force PlugIn kext: System\Library\Extensions\IONetworkingFamily.kext\Contents\PlugIns\AppleIntel8254XEthernet.kext
9:515  0:006      Force PlugIn kext: System\Library\Extensions\IONetworkingFamily.kext\Contents\PlugIns\AppleIntelI210Ethernet.kext
9:547  0:031      Force PlugIn kext: System\Library\Extensions\IONetworkingFamily.kext\Contents\PlugIns\AppleVmxnet3Ethernet.kext
9:551  0:004      Force PlugIn kext: System\Library\Extensions\IONetworkingFamily.kext\Contents\PlugIns\AppleYukon2.kext
9:562  0:011      Force PlugIn kext: System\Library\Extensions\IONetworkingFamily.kext\Contents\PlugIns\Intel82574L.kext
9:568  0:005      Force PlugIn kext: System\Library\Extensions\IONetworkingFamily.kext\Contents\PlugIns\IOEthernetAVBController.kext
9:572  0:004      Force PlugIn kext: System\Library\Extensions\IONetworkingFamily.kext\Contents\PlugIns\mDNSOffloadUserClient.kext
9:577  0:004      Force PlugIn kext: System\Library\Extensions\IONetworkingFamily.kext\Contents\PlugIns\nvenet.kext
9:584  0:007  Preparing kexts injection for arch=x86_64 from EFI\CLOVER\kexts\Other
9:584  0:000  Extra kext: EFI\CLOVER\kexts\Other\VoodooHDA.kext (v.2.9.1)
9:603  0:018  Extra kext: EFI\CLOVER\kexts\Other\VoodooPS2Controller.kext (v.1.8.29)
9:622  0:018    |-- PlugIn kext: EFI\CLOVER\kexts\Other\VoodooPS2Controller.kext\Contents\PlugIns\VoodooPS2Trackpad.kext (v.1.8.29)
9:631  0:008    |-- PlugIn kext: EFI\CLOVER\kexts\Other\VoodooPS2Controller.kext\Contents\PlugIns\VoodooPS2Mouse.kext (v.1.8.29)
9:637  0:006    |-- PlugIn kext: EFI\CLOVER\kexts\Other\VoodooPS2Controller.kext\Contents\PlugIns\VoodooPS2Keyboard.kext (v.1.8.29)
9:646  0:008  Extra kext: EFI\CLOVER\kexts\Other\VoodooI2C.kext (v.2.0.1)
9:654  0:007    |-- PlugIn kext: EFI\CLOVER\kexts\Other\VoodooI2C.kext\Contents\PlugIns\VoodooI2CServices.kext (v.1)
9:660  0:006    |-- PlugIn kext: EFI\CLOVER\kexts\Other\VoodooI2C.kext\Contents\PlugIns\VoodooGPIO.kext (v.1.1)
9:666  0:006  Extra kext: EFI\CLOVER\kexts\Other\VoodooI2CHID.kext (v.1)
9:684  0:017  Extra kext: EFI\CLOVER\kexts\Other\USBInjectAll.kext (v.0.6.4)
10:163  0:479  Extra kext: EFI\CLOVER\kexts\Other\Lilu.kext (v.1.2.2)
10:170  0:007  Extra kext: EFI\CLOVER\kexts\Other\IntelGraphicsFixup.kext (v.1.2.0)
10:177  0:006  Extra kext: EFI\CLOVER\kexts\Other\IntelGraphicsDVMTFixup.kext (v.1.2.0)
10:183  0:006  Extra kext: EFI\CLOVER\kexts\Other\FakeSMC.kext (v.1765)
10:193  0:009  Extra kext: EFI\CLOVER\kexts\Other\FakeSMC_LPCSensors.kext (v.1765)
10:357  0:164  Extra kext: EFI\CLOVER\kexts\Other\FakeSMC_GPUSensors.kext (v.1765)
10:365  0:008  Extra kext: EFI\CLOVER\kexts\Other\FakeSMC_CPUSensors.kext (v.1765)
10:372  0:006  Extra kext: EFI\CLOVER\kexts\Other\FakePCIID.kext (v.1.3.11)
10:378  0:006  Extra kext: EFI\CLOVER\kexts\Other\FakePCIID_Intel_HDMI_Audio.kext (v.1.3.11)
10:384  0:005  Extra kext: EFI\CLOVER\kexts\Other\FakePCIID_Intel_HD_Graphics.kext (v.1.3.11)
10:390  0:006  Extra kext: EFI\CLOVER\kexts\Other\FakePCIID_Intel_GbX.kext (v.1.3.11)
10:395  0:004  Extra kext: EFI\CLOVER\kexts\Other\CodecCommander.kext (v.2.6.3)
10:410  0:015  Extra kext: EFI\CLOVER\kexts\Other\FakeSMC_ACPISensors.kext (v.1765)
10:421  0:010  Extra kext: EFI\CLOVER\kexts\Other\AsusNBFnKeys.kext (v.2.6)
10:431  0:010  Extra kext: EFI\CLOVER\kexts\Other\ACPIBatteryManager.kext (v.1.81.4)
10:447  0:016  SetScreenResolution: 1920x1080 - already set
10:447  0:000  Custom boot is disabled
10:449  0:001  Closing log
